2020-10-17 19:34:43.024 - Info	
Packing G:\works\PCFS\ImageResizer\AttachmentUploader\AttachmentUpload\ResizerSolution\obj\Debug\Metadata to bin\Debug\ResizerSolution.zip

2020-10-17 19:34:43.050 - Info	Processing Component: Entities
2020-10-17 19:34:43.053 - Info	Processing Component: Roles
2020-10-17 19:34:43.057 - Info	Processing Component: Workflows
2020-10-17 19:34:43.057 - Info	Processing Component: FieldSecurityProfiles
2020-10-17 19:34:43.057 - Info	Processing Component: Templates
2020-10-17 19:34:43.058 - Info	Processing Component: EntityMaps
2020-10-17 19:34:43.058 - Info	Processing Component: EntityRelationships
2020-10-17 19:34:43.065 - Info	Processing Component: OrganizationSettings
2020-10-17 19:34:43.066 - Info	Processing Component: optionsets
2020-10-17 19:34:43.066 - Info	Processing Component: CustomControls
2020-10-17 19:34:43.087 - Info	 - vij.AttachmentUpload
2020-10-17 19:34:44.504 - Info	Processing Component: SolutionPluginAssemblies
2020-10-17 19:34:44.505 - Info	Processing Component: EntityDataProviders
2020-10-17 19:34:44.698 - Info	
Unmanaged Pack complete.

2020-10-20 23:47:24.825 - Info	
Packing G:\works\PCFS\ImageResizer\AttachmentUploader\AttachmentUpload\ResizerSolution\obj\Debug\Metadata to bin\Debug\ResizerSolution.zip

2020-10-20 23:47:24.965 - Info	Processing Component: Entities
2020-10-20 23:47:24.968 - Info	Processing Component: Roles
2020-10-20 23:47:24.971 - Info	Processing Component: Workflows
2020-10-20 23:47:24.971 - Info	Processing Component: FieldSecurityProfiles
2020-10-20 23:47:24.972 - Info	Processing Component: Templates
2020-10-20 23:47:24.972 - Info	Processing Component: EntityMaps
2020-10-20 23:47:24.972 - Info	Processing Component: EntityRelationships
2020-10-20 23:47:24.984 - Info	Processing Component: OrganizationSettings
2020-10-20 23:47:24.984 - Info	Processing Component: optionsets
2020-10-20 23:47:24.985 - Info	Processing Component: CustomControls
2020-10-20 23:47:25.006 - Info	 - vij.AttachmentUpload
2020-10-20 23:47:26.966 - Info	Processing Component: SolutionPluginAssemblies
2020-10-20 23:47:26.968 - Info	Processing Component: EntityDataProviders
2020-10-20 23:47:27.204 - Info	
Unmanaged Pack complete.

2020-10-26 22:57:16.925 - Info	
Packing G:\works\PCFS\ImageResizer\AttachmentUploader\AttachmentUpload\ResizerSolution\obj\Debug\Metadata to bin\Debug\ResizerSolution.zip

2020-10-26 22:57:17.025 - Info	Processing Component: Entities
2020-10-26 22:57:17.028 - Info	Processing Component: Roles
2020-10-26 22:57:17.032 - Info	Processing Component: Workflows
2020-10-26 22:57:17.032 - Info	Processing Component: FieldSecurityProfiles
2020-10-26 22:57:17.033 - Info	Processing Component: Templates
2020-10-26 22:57:17.034 - Info	Processing Component: EntityMaps
2020-10-26 22:57:17.034 - Info	Processing Component: EntityRelationships
2020-10-26 22:57:17.048 - Info	Processing Component: OrganizationSettings
2020-10-26 22:57:17.049 - Info	Processing Component: optionsets
2020-10-26 22:57:17.049 - Info	Processing Component: CustomControls
2020-10-26 22:57:17.122 - Info	 - vij.AttachmentUpload
2020-10-26 22:57:18.181 - Info	Processing Component: SolutionPluginAssemblies
2020-10-26 22:57:18.182 - Info	Processing Component: EntityDataProviders
2020-10-26 22:57:18.583 - Info	
Unmanaged Pack complete.

2020-10-26 23:22:00.067 - Info	
Packing G:\works\PCFS\ImageResizer\AttachmentUploader\AttachmentUpload\ResizerSolution\obj\Debug\Metadata to bin\Debug\ResizerSolution.zip

2020-10-26 23:22:00.088 - Info	Processing Component: Entities
2020-10-26 23:22:00.093 - Info	Processing Component: Roles
2020-10-26 23:22:00.098 - Info	Processing Component: Workflows
2020-10-26 23:22:00.100 - Info	Processing Component: FieldSecurityProfiles
2020-10-26 23:22:00.100 - Info	Processing Component: Templates
2020-10-26 23:22:00.101 - Info	Processing Component: EntityMaps
2020-10-26 23:22:00.102 - Info	Processing Component: EntityRelationships
2020-10-26 23:22:00.109 - Info	Processing Component: OrganizationSettings
2020-10-26 23:22:00.110 - Info	Processing Component: optionsets
2020-10-26 23:22:00.111 - Info	Processing Component: CustomControls
2020-10-26 23:22:00.144 - Info	 - vij.AttachmentUpload
2020-10-26 23:22:01.540 - Info	Processing Component: SolutionPluginAssemblies
2020-10-26 23:22:01.541 - Info	Processing Component: EntityDataProviders
2020-10-26 23:22:01.746 - Info	
Unmanaged Pack complete.

2020-10-27 16:29:57.204 - Info	
Packing G:\works\PCFS\ImageResizer\AttachmentUploader\AttachmentUpload\ResizerSolution\obj\Debug\Metadata to bin\Debug\ResizerSolution.zip

2020-10-27 16:29:57.280 - Info	Processing Component: Entities
2020-10-27 16:29:57.285 - Info	Processing Component: Roles
2020-10-27 16:29:57.291 - Info	Processing Component: Workflows
2020-10-27 16:29:57.292 - Info	Processing Component: FieldSecurityProfiles
2020-10-27 16:29:57.292 - Info	Processing Component: Templates
2020-10-27 16:29:57.294 - Info	Processing Component: EntityMaps
2020-10-27 16:29:57.294 - Info	Processing Component: EntityRelationships
2020-10-27 16:29:57.313 - Info	Processing Component: OrganizationSettings
2020-10-27 16:29:57.316 - Info	Processing Component: optionsets
2020-10-27 16:29:57.317 - Info	Processing Component: CustomControls
2020-10-27 16:29:57.393 - Info	 - vij.AttachmentUpload
2020-10-27 16:29:59.570 - Info	Processing Component: SolutionPluginAssemblies
2020-10-27 16:29:59.571 - Info	Processing Component: EntityDataProviders
2020-10-27 16:29:59.937 - Info	
Unmanaged Pack complete.

2020-10-27 16:48:50.702 - Info	
Packing G:\works\PCFS\ImageResizer\AttachmentUploader\AttachmentUpload\ResizerSolution\obj\Debug\Metadata to bin\Debug\ResizerSolution.zip

2020-10-27 16:48:50.716 - Info	Processing Component: Entities
2020-10-27 16:48:50.720 - Info	Processing Component: Roles
2020-10-27 16:48:50.724 - Info	Processing Component: Workflows
2020-10-27 16:48:50.724 - Info	Processing Component: FieldSecurityProfiles
2020-10-27 16:48:50.725 - Info	Processing Component: Templates
2020-10-27 16:48:50.725 - Info	Processing Component: EntityMaps
2020-10-27 16:48:50.726 - Info	Processing Component: EntityRelationships
2020-10-27 16:48:50.732 - Info	Processing Component: OrganizationSettings
2020-10-27 16:48:50.733 - Info	Processing Component: optionsets
2020-10-27 16:48:50.733 - Info	Processing Component: CustomControls
2020-10-27 16:48:50.808 - Info	 - vij.AttachmentUpload
2020-10-27 16:48:50.929 - Info	Processing Component: SolutionPluginAssemblies
2020-10-27 16:48:50.931 - Info	Processing Component: EntityDataProviders
2020-10-27 16:48:51.081 - Info	
Unmanaged Pack complete.

2020-10-27 17:05:20.553 - Info	
Packing G:\works\PCFS\ImageResizer\AttachmentUploader\AttachmentUpload\ResizerSolution\obj\Debug\Metadata to bin\Debug\ResizerSolution.zip

2020-10-27 17:05:20.573 - Info	Processing Component: Entities
2020-10-27 17:05:20.578 - Info	Processing Component: Roles
2020-10-27 17:05:20.586 - Info	Processing Component: Workflows
2020-10-27 17:05:20.586 - Info	Processing Component: FieldSecurityProfiles
2020-10-27 17:05:20.587 - Info	Processing Component: Templates
2020-10-27 17:05:20.589 - Info	Processing Component: EntityMaps
2020-10-27 17:05:20.589 - Info	Processing Component: EntityRelationships
2020-10-27 17:05:20.599 - Info	Processing Component: OrganizationSettings
2020-10-27 17:05:20.601 - Info	Processing Component: optionsets
2020-10-27 17:05:20.601 - Info	Processing Component: CustomControls
2020-10-27 17:05:20.629 - Info	 - vij.AttachmentUpload
2020-10-27 17:05:20.749 - Info	Processing Component: SolutionPluginAssemblies
2020-10-27 17:05:20.751 - Info	Processing Component: EntityDataProviders
2020-10-27 17:05:20.958 - Info	
Unmanaged Pack complete.

2020-10-27 18:01:59.457 - Info	
Packing G:\works\PCFS\ImageResizer\AttachmentUploader\AttachmentUpload\ResizerSolution\obj\Debug\Metadata to bin\Debug\ResizerSolution.zip

2020-10-27 18:01:59.480 - Info	Processing Component: Entities
2020-10-27 18:01:59.484 - Info	Processing Component: Roles
2020-10-27 18:01:59.488 - Info	Processing Component: Workflows
2020-10-27 18:01:59.488 - Info	Processing Component: FieldSecurityProfiles
2020-10-27 18:01:59.489 - Info	Processing Component: Templates
2020-10-27 18:01:59.490 - Info	Processing Component: EntityMaps
2020-10-27 18:01:59.491 - Info	Processing Component: EntityRelationships
2020-10-27 18:01:59.505 - Info	Processing Component: OrganizationSettings
2020-10-27 18:01:59.507 - Info	Processing Component: optionsets
2020-10-27 18:01:59.507 - Info	Processing Component: CustomControls
2020-10-27 18:01:59.530 - Info	 - vij.AttachmentUpload
2020-10-27 18:01:59.997 - Info	Processing Component: SolutionPluginAssemblies
2020-10-27 18:02:00.000 - Info	Processing Component: EntityDataProviders
2020-10-27 18:02:00.221 - Info	
Unmanaged Pack complete.

2020-10-27 18:58:09.937 - Info	
Packing G:\works\PCFS\ImageResizer\AttachmentUploader\AttachmentUpload\ResizerSolution\obj\Debug\Metadata to bin\Debug\ResizerSolution.zip

2020-10-27 18:58:09.951 - Info	Processing Component: Entities
2020-10-27 18:58:09.954 - Info	Processing Component: Roles
2020-10-27 18:58:09.958 - Info	Processing Component: Workflows
2020-10-27 18:58:09.959 - Info	Processing Component: FieldSecurityProfiles
2020-10-27 18:58:09.959 - Info	Processing Component: Templates
2020-10-27 18:58:09.960 - Info	Processing Component: EntityMaps
2020-10-27 18:58:09.960 - Info	Processing Component: EntityRelationships
2020-10-27 18:58:09.972 - Info	Processing Component: OrganizationSettings
2020-10-27 18:58:09.973 - Info	Processing Component: optionsets
2020-10-27 18:58:09.973 - Info	Processing Component: CustomControls
2020-10-27 18:58:09.994 - Info	 - vij.AttachmentUpload
2020-10-27 18:58:10.313 - Info	Processing Component: SolutionPluginAssemblies
2020-10-27 18:58:10.315 - Info	Processing Component: EntityDataProviders
2020-10-27 18:58:10.494 - Info	
Unmanaged Pack complete.

2020-10-27 19:22:49.167 - Info	
Packing G:\works\PCFS\ImageResizer\AttachmentUploader\AttachmentUpload\ResizerSolution\obj\Debug\Metadata to bin\Debug\ResizerSolution.zip

2020-10-27 19:22:49.200 - Info	Processing Component: Entities
2020-10-27 19:22:49.203 - Info	Processing Component: Roles
2020-10-27 19:22:49.207 - Info	Processing Component: Workflows
2020-10-27 19:22:49.208 - Info	Processing Component: FieldSecurityProfiles
2020-10-27 19:22:49.208 - Info	Processing Component: Templates
2020-10-27 19:22:49.209 - Info	Processing Component: EntityMaps
2020-10-27 19:22:49.210 - Info	Processing Component: EntityRelationships
2020-10-27 19:22:49.217 - Info	Processing Component: OrganizationSettings
2020-10-27 19:22:49.218 - Info	Processing Component: optionsets
2020-10-27 19:22:49.218 - Info	Processing Component: CustomControls
2020-10-27 19:22:49.239 - Info	 - vij.AttachmentUpload
2020-10-27 19:22:49.525 - Info	Processing Component: SolutionPluginAssemblies
2020-10-27 19:22:49.527 - Info	Processing Component: EntityDataProviders
2020-10-27 19:22:49.704 - Info	
Unmanaged Pack complete.

2020-10-27 20:01:40.586 - Info	
Packing G:\works\PCFS\ImageResizer\AttachmentUploader\AttachmentUpload\ResizerSolution\obj\Debug\Metadata to bin\Debug\ResizerSolution.zip

2020-10-27 20:01:40.600 - Info	Processing Component: Entities
2020-10-27 20:01:40.603 - Info	Processing Component: Roles
2020-10-27 20:01:40.607 - Info	Processing Component: Workflows
2020-10-27 20:01:40.607 - Info	Processing Component: FieldSecurityProfiles
2020-10-27 20:01:40.608 - Info	Processing Component: Templates
2020-10-27 20:01:40.609 - Info	Processing Component: EntityMaps
2020-10-27 20:01:40.609 - Info	Processing Component: EntityRelationships
2020-10-27 20:01:40.616 - Info	Processing Component: OrganizationSettings
2020-10-27 20:01:40.618 - Info	Processing Component: optionsets
2020-10-27 20:01:40.618 - Info	Processing Component: CustomControls
2020-10-27 20:01:40.633 - Info	 - vij.AttachmentUpload
2020-10-27 20:01:40.743 - Info	Processing Component: SolutionPluginAssemblies
2020-10-27 20:01:40.745 - Info	Processing Component: EntityDataProviders
2020-10-27 20:01:40.935 - Info	
Unmanaged Pack complete.

2020-10-27 20:42:01.116 - Info	
Packing G:\works\PCFS\ImageResizer\AttachmentUploader\AttachmentUpload\ResizerSolution\obj\Debug\Metadata to bin\Debug\ResizerSolution.zip

2020-10-27 20:42:01.146 - Info	Processing Component: Entities
2020-10-27 20:42:01.150 - Info	Processing Component: Roles
2020-10-27 20:42:01.154 - Info	Processing Component: Workflows
2020-10-27 20:42:01.155 - Info	Processing Component: FieldSecurityProfiles
2020-10-27 20:42:01.156 - Info	Processing Component: Templates
2020-10-27 20:42:01.158 - Info	Processing Component: EntityMaps
2020-10-27 20:42:01.159 - Info	Processing Component: EntityRelationships
2020-10-27 20:42:01.168 - Info	Processing Component: OrganizationSettings
2020-10-27 20:42:01.170 - Info	Processing Component: optionsets
2020-10-27 20:42:01.170 - Info	Processing Component: CustomControls
2020-10-27 20:42:01.310 - Info	 - vij.AttachmentUpload
2020-10-27 20:42:02.496 - Info	Processing Component: SolutionPluginAssemblies
2020-10-27 20:42:02.499 - Info	Processing Component: EntityDataProviders
2020-10-27 20:42:02.711 - Info	
Unmanaged Pack complete.

2020-10-28 00:05:06.598 - Info	
Packing G:\works\PCFS\ImageResizer\AttachmentUploader\AttachmentUpload\ResizerSolution\obj\Debug\Metadata to bin\Debug\ResizerSolution.zip

2020-10-28 00:05:06.634 - Info	Processing Component: Entities
2020-10-28 00:05:06.638 - Info	Processing Component: Roles
2020-10-28 00:05:06.642 - Info	Processing Component: Workflows
2020-10-28 00:05:06.643 - Info	Processing Component: FieldSecurityProfiles
2020-10-28 00:05:06.643 - Info	Processing Component: Templates
2020-10-28 00:05:06.644 - Info	Processing Component: EntityMaps
2020-10-28 00:05:06.645 - Info	Processing Component: EntityRelationships
2020-10-28 00:05:06.652 - Info	Processing Component: OrganizationSettings
2020-10-28 00:05:06.653 - Info	Processing Component: optionsets
2020-10-28 00:05:06.653 - Info	Processing Component: CustomControls
2020-10-28 00:05:06.720 - Info	 - vij.AttachmentUpload
2020-10-28 00:05:08.073 - Info	Processing Component: SolutionPluginAssemblies
2020-10-28 00:05:08.075 - Info	Processing Component: EntityDataProviders
2020-10-28 00:05:08.392 - Info	
Unmanaged Pack complete.

2020-10-28 00:28:12.376 - Info	
Packing G:\works\PCFS\ImageResizer\AttachmentUploader\AttachmentUpload\ResizerSolution\obj\Debug\Metadata to bin\Debug\ResizerSolution.zip

2020-10-28 00:28:12.390 - Info	Processing Component: Entities
2020-10-28 00:28:12.393 - Info	Processing Component: Roles
2020-10-28 00:28:12.396 - Info	Processing Component: Workflows
2020-10-28 00:28:12.397 - Info	Processing Component: FieldSecurityProfiles
2020-10-28 00:28:12.397 - Info	Processing Component: Templates
2020-10-28 00:28:12.398 - Info	Processing Component: EntityMaps
2020-10-28 00:28:12.398 - Info	Processing Component: EntityRelationships
2020-10-28 00:28:12.405 - Info	Processing Component: OrganizationSettings
2020-10-28 00:28:12.405 - Info	Processing Component: optionsets
2020-10-28 00:28:12.406 - Info	Processing Component: CustomControls
2020-10-28 00:28:12.429 - Info	 - vij.AttachmentUpload
2020-10-28 00:28:12.504 - Info	Processing Component: SolutionPluginAssemblies
2020-10-28 00:28:12.505 - Info	Processing Component: EntityDataProviders
2020-10-28 00:28:12.652 - Info	
Unmanaged Pack complete.

2020-10-28 09:07:17.394 - Info	
Packing G:\works\PCFS\ImageResizer\AttachmentUploader\AttachmentUpload\ResizerSolution\obj\Debug\Metadata to bin\Debug\ResizerSolution.zip

2020-10-28 09:07:17.406 - Info	Processing Component: Entities
2020-10-28 09:07:17.408 - Info	Processing Component: Roles
2020-10-28 09:07:17.411 - Info	Processing Component: Workflows
2020-10-28 09:07:17.411 - Info	Processing Component: FieldSecurityProfiles
2020-10-28 09:07:17.412 - Info	Processing Component: Templates
2020-10-28 09:07:17.412 - Info	Processing Component: EntityMaps
2020-10-28 09:07:17.413 - Info	Processing Component: EntityRelationships
2020-10-28 09:07:17.417 - Info	Processing Component: OrganizationSettings
2020-10-28 09:07:17.418 - Info	Processing Component: optionsets
2020-10-28 09:07:17.418 - Info	Processing Component: CustomControls
2020-10-28 09:07:17.433 - Info	 - vij.AttachmentUpload
2020-10-28 09:07:18.051 - Info	Processing Component: SolutionPluginAssemblies
2020-10-28 09:07:18.052 - Info	Processing Component: EntityDataProviders
2020-10-28 09:07:18.190 - Info	
Unmanaged Pack complete.

2020-10-28 09:22:45.808 - Info	
Packing G:\works\PCFS\ImageResizer\AttachmentUploader\AttachmentUpload\ResizerSolution\obj\Debug\Metadata to bin\Debug\ResizerSolution.zip

2020-10-28 09:22:45.920 - Info	Processing Component: Entities
2020-10-28 09:22:45.924 - Info	Processing Component: Roles
2020-10-28 09:22:45.928 - Info	Processing Component: Workflows
2020-10-28 09:22:45.928 - Info	Processing Component: FieldSecurityProfiles
2020-10-28 09:22:45.930 - Info	Processing Component: Templates
2020-10-28 09:22:45.931 - Info	Processing Component: EntityMaps
2020-10-28 09:22:45.932 - Info	Processing Component: EntityRelationships
2020-10-28 09:22:45.939 - Info	Processing Component: OrganizationSettings
2020-10-28 09:22:45.939 - Info	Processing Component: optionsets
2020-10-28 09:22:45.940 - Info	Processing Component: CustomControls
2020-10-28 09:22:45.954 - Info	 - vij.AttachmentUpload
2020-10-28 09:22:46.180 - Info	Processing Component: SolutionPluginAssemblies
2020-10-28 09:22:46.181 - Info	Processing Component: EntityDataProviders
2020-10-28 09:22:46.326 - Info	
Unmanaged Pack complete.

2020-10-28 09:58:27.426 - Info	
Packing G:\works\PCFS\ImageResizer\AttachmentUploader\AttachmentUpload\ResizerSolution\obj\Debug\Metadata to bin\Debug\ResizerSolution.zip

2020-10-28 09:58:27.438 - Info	Processing Component: Entities
2020-10-28 09:58:27.444 - Info	Processing Component: Roles
2020-10-28 09:58:27.448 - Info	Processing Component: Workflows
2020-10-28 09:58:27.448 - Info	Processing Component: FieldSecurityProfiles
2020-10-28 09:58:27.448 - Info	Processing Component: Templates
2020-10-28 09:58:27.449 - Info	Processing Component: EntityMaps
2020-10-28 09:58:27.450 - Info	Processing Component: EntityRelationships
2020-10-28 09:58:27.456 - Info	Processing Component: OrganizationSettings
2020-10-28 09:58:27.457 - Info	Processing Component: optionsets
2020-10-28 09:58:27.457 - Info	Processing Component: CustomControls
2020-10-28 09:58:27.473 - Info	 - vij.AttachmentUpload
2020-10-28 09:58:27.868 - Info	Processing Component: SolutionPluginAssemblies
2020-10-28 09:58:27.869 - Info	Processing Component: EntityDataProviders
2020-10-28 09:58:28.093 - Info	
Unmanaged Pack complete.

2020-10-28 09:59:04.831 - Info	
Packing G:\works\PCFS\ImageResizer\AttachmentUploader\AttachmentUpload\ResizerSolution\obj\Debug\Metadata to bin\Debug\ResizerSolution.zip

2020-10-28 09:59:04.843 - Info	Processing Component: Entities
2020-10-28 09:59:04.846 - Info	Processing Component: Roles
2020-10-28 09:59:04.849 - Info	Processing Component: Workflows
2020-10-28 09:59:04.849 - Info	Processing Component: FieldSecurityProfiles
2020-10-28 09:59:04.850 - Info	Processing Component: Templates
2020-10-28 09:59:04.851 - Info	Processing Component: EntityMaps
2020-10-28 09:59:04.851 - Info	Processing Component: EntityRelationships
2020-10-28 09:59:04.857 - Info	Processing Component: OrganizationSettings
2020-10-28 09:59:04.858 - Info	Processing Component: optionsets
2020-10-28 09:59:04.858 - Info	Processing Component: CustomControls
2020-10-28 09:59:04.867 - Info	 - vij.AttachmentUpload
2020-10-28 09:59:05.028 - Info	Processing Component: SolutionPluginAssemblies
2020-10-28 09:59:05.030 - Info	Processing Component: EntityDataProviders
2020-10-28 09:59:05.180 - Info	
Unmanaged Pack complete.

2020-10-28 11:24:44.760 - Info	
Packing G:\works\PCFS\ImageResizer\AttachmentUploader\AttachmentUpload\ResizerSolution\obj\Debug\Metadata to bin\Debug\ResizerSolution.zip

2020-10-28 11:24:44.851 - Info	Processing Component: Entities
2020-10-28 11:24:44.854 - Info	Processing Component: Roles
2020-10-28 11:24:44.857 - Info	Processing Component: Workflows
2020-10-28 11:24:44.858 - Info	Processing Component: FieldSecurityProfiles
2020-10-28 11:24:44.858 - Info	Processing Component: Templates
2020-10-28 11:24:44.859 - Info	Processing Component: EntityMaps
2020-10-28 11:24:44.859 - Info	Processing Component: EntityRelationships
2020-10-28 11:24:44.865 - Info	Processing Component: OrganizationSettings
2020-10-28 11:24:44.865 - Info	Processing Component: optionsets
2020-10-28 11:24:44.866 - Info	Processing Component: CustomControls
2020-10-28 11:24:44.986 - Info	 - vij.AttachmentUpload
2020-10-28 11:24:46.034 - Info	Processing Component: SolutionPluginAssemblies
2020-10-28 11:24:46.036 - Info	Processing Component: EntityDataProviders
2020-10-28 11:24:46.367 - Info	
Unmanaged Pack complete.

2020-10-28 12:28:25.024 - Info	
Packing G:\works\PCFS\ImageResizer\AttachmentUploader\AttachmentUpload\ResizerSolution\obj\Debug\Metadata to bin\Debug\ResizerSolution.zip

2020-10-28 12:28:25.047 - Info	Processing Component: Entities
2020-10-28 12:28:25.050 - Info	Processing Component: Roles
2020-10-28 12:28:25.053 - Info	Processing Component: Workflows
2020-10-28 12:28:25.054 - Info	Processing Component: FieldSecurityProfiles
2020-10-28 12:28:25.054 - Info	Processing Component: Templates
2020-10-28 12:28:25.055 - Info	Processing Component: EntityMaps
2020-10-28 12:28:25.055 - Info	Processing Component: EntityRelationships
2020-10-28 12:28:25.061 - Info	Processing Component: OrganizationSettings
2020-10-28 12:28:25.062 - Info	Processing Component: optionsets
2020-10-28 12:28:25.062 - Info	Processing Component: CustomControls
2020-10-28 12:28:25.076 - Info	 - vij.AttachmentUpload
2020-10-28 12:28:25.326 - Info	Processing Component: SolutionPluginAssemblies
2020-10-28 12:28:25.328 - Info	Processing Component: EntityDataProviders
2020-10-28 12:28:25.497 - Info	
Unmanaged Pack complete.

2020-10-28 13:51:06.681 - Info	
Packing G:\works\PCFS\ImageResizer\AttachmentUploader\AttachmentUpload\ResizerSolution\obj\Debug\Metadata to bin\Debug\ResizerSolution.zip

2020-10-28 13:51:06.696 - Info	Processing Component: Entities
2020-10-28 13:51:06.701 - Info	Processing Component: Roles
2020-10-28 13:51:06.706 - Info	Processing Component: Workflows
2020-10-28 13:51:06.707 - Info	Processing Component: FieldSecurityProfiles
2020-10-28 13:51:06.707 - Info	Processing Component: Templates
2020-10-28 13:51:06.709 - Info	Processing Component: EntityMaps
2020-10-28 13:51:06.709 - Info	Processing Component: EntityRelationships
2020-10-28 13:51:06.715 - Info	Processing Component: OrganizationSettings
2020-10-28 13:51:06.716 - Info	Processing Component: optionsets
2020-10-28 13:51:06.717 - Info	Processing Component: CustomControls
2020-10-28 13:51:06.758 - Info	 - vij.AttachmentUpload
2020-10-28 13:51:07.418 - Info	Processing Component: SolutionPluginAssemblies
2020-10-28 13:51:07.421 - Info	Processing Component: EntityDataProviders
2020-10-28 13:51:07.604 - Info	
Unmanaged Pack complete.

2020-10-28 15:55:58.903 - Info	
Packing G:\works\PCFS\ImageResizer\AttachmentUploader\AttachmentUpload\ResizerSolution\obj\Debug\Metadata to bin\Debug\ResizerSolution.zip

2020-10-28 15:55:58.963 - Info	Processing Component: Entities
2020-10-28 15:55:58.969 - Info	Processing Component: Roles
2020-10-28 15:55:58.973 - Info	Processing Component: Workflows
2020-10-28 15:55:58.973 - Info	Processing Component: FieldSecurityProfiles
2020-10-28 15:55:58.974 - Info	Processing Component: Templates
2020-10-28 15:55:58.975 - Info	Processing Component: EntityMaps
2020-10-28 15:55:58.975 - Info	Processing Component: EntityRelationships
2020-10-28 15:55:58.995 - Info	Processing Component: OrganizationSettings
2020-10-28 15:55:58.996 - Info	Processing Component: optionsets
2020-10-28 15:55:58.997 - Info	Processing Component: CustomControls
2020-10-28 15:55:59.026 - Info	 - vij.AttachmentUpload
2020-10-28 15:56:01.458 - Info	Processing Component: SolutionPluginAssemblies
2020-10-28 15:56:01.459 - Info	Processing Component: EntityDataProviders
2020-10-28 15:56:01.717 - Info	
Unmanaged Pack complete.

2020-10-28 17:52:43.220 - Info	
Packing G:\works\PCFS\ImageResizer\AttachmentUploader\AttachmentUpload\ResizerSolution\obj\Debug\Metadata to bin\Debug\ResizerSolution.zip

2020-10-28 17:52:43.290 - Info	Processing Component: Entities
2020-10-28 17:52:43.293 - Info	Processing Component: Roles
2020-10-28 17:52:43.298 - Info	Processing Component: Workflows
2020-10-28 17:52:43.298 - Info	Processing Component: FieldSecurityProfiles
2020-10-28 17:52:43.298 - Info	Processing Component: Templates
2020-10-28 17:52:43.300 - Info	Processing Component: EntityMaps
2020-10-28 17:52:43.300 - Info	Processing Component: EntityRelationships
2020-10-28 17:52:43.306 - Info	Processing Component: OrganizationSettings
2020-10-28 17:52:43.307 - Info	Processing Component: optionsets
2020-10-28 17:52:43.308 - Info	Processing Component: CustomControls
2020-10-28 17:52:43.358 - Info	 - vij.AttachmentUpload
2020-10-28 17:52:43.778 - Info	Processing Component: SolutionPluginAssemblies
2020-10-28 17:52:43.780 - Info	Processing Component: EntityDataProviders
2020-10-28 17:52:43.952 - Info	
Unmanaged Pack complete.

2020-10-28 23:53:33.575 - Info	
Packing G:\works\PCFS\ImageResizer\AttachmentUploader\AttachmentUpload\ResizerSolution\obj\Debug\Metadata to bin\Debug\ResizerSolution.zip

2020-10-28 23:53:33.730 - Info	Processing Component: Entities
2020-10-28 23:53:33.734 - Info	Processing Component: Roles
2020-10-28 23:53:33.739 - Info	Processing Component: Workflows
2020-10-28 23:53:33.739 - Info	Processing Component: FieldSecurityProfiles
2020-10-28 23:53:33.740 - Info	Processing Component: Templates
2020-10-28 23:53:33.741 - Info	Processing Component: EntityMaps
2020-10-28 23:53:33.741 - Info	Processing Component: EntityRelationships
2020-10-28 23:53:33.748 - Info	Processing Component: OrganizationSettings
2020-10-28 23:53:33.749 - Info	Processing Component: optionsets
2020-10-28 23:53:33.749 - Info	Processing Component: CustomControls
2020-10-28 23:53:33.771 - Info	 - vij.AttachmentUpload
2020-10-28 23:53:34.973 - Info	Processing Component: SolutionPluginAssemblies
2020-10-28 23:53:34.974 - Info	Processing Component: EntityDataProviders
2020-10-28 23:53:35.285 - Info	
Unmanaged Pack complete.

2020-10-29 00:27:35.205 - Info	
Packing G:\works\PCFS\ImageResizer\AttachmentUploader\AttachmentUpload\ResizerSolution\obj\Debug\Metadata to bin\Debug\ResizerSolution.zip

2020-10-29 00:27:35.217 - Info	Processing Component: Entities
2020-10-29 00:27:35.220 - Info	Processing Component: Roles
2020-10-29 00:27:35.224 - Info	Processing Component: Workflows
2020-10-29 00:27:35.224 - Info	Processing Component: FieldSecurityProfiles
2020-10-29 00:27:35.225 - Info	Processing Component: Templates
2020-10-29 00:27:35.226 - Info	Processing Component: EntityMaps
2020-10-29 00:27:35.226 - Info	Processing Component: EntityRelationships
2020-10-29 00:27:35.232 - Info	Processing Component: OrganizationSettings
2020-10-29 00:27:35.233 - Info	Processing Component: optionsets
2020-10-29 00:27:35.234 - Info	Processing Component: CustomControls
2020-10-29 00:27:35.251 - Info	 - vij.AttachmentUpload
2020-10-29 00:27:35.523 - Info	Processing Component: SolutionPluginAssemblies
2020-10-29 00:27:35.524 - Info	Processing Component: EntityDataProviders
2020-10-29 00:27:35.672 - Info	
Unmanaged Pack complete.

2020-10-29 10:55:49.782 - Info	
Packing G:\works\PCFS\ImageResizer\AttachmentUploader\AttachmentUpload\ResizerSolution\obj\Debug\Metadata to bin\Debug\ResizerSolution.zip

2020-10-29 10:55:49.842 - Info	Processing Component: Entities
2020-10-29 10:55:49.846 - Info	Processing Component: Roles
2020-10-29 10:55:49.852 - Info	Processing Component: Workflows
2020-10-29 10:55:49.853 - Info	Processing Component: FieldSecurityProfiles
2020-10-29 10:55:49.853 - Info	Processing Component: Templates
2020-10-29 10:55:49.854 - Info	Processing Component: EntityMaps
2020-10-29 10:55:49.854 - Info	Processing Component: EntityRelationships
2020-10-29 10:55:49.863 - Info	Processing Component: OrganizationSettings
2020-10-29 10:55:49.864 - Info	Processing Component: optionsets
2020-10-29 10:55:49.864 - Info	Processing Component: CustomControls
2020-10-29 10:55:49.898 - Info	 - vij.AttachmentUpload
2020-10-29 10:55:50.213 - Info	Processing Component: SolutionPluginAssemblies
2020-10-29 10:55:50.215 - Info	Processing Component: EntityDataProviders
2020-10-29 10:55:50.407 - Info	
Unmanaged Pack complete.

2020-10-29 11:29:23.292 - Info	
Packing G:\works\PCFS\ImageResizer\AttachmentUploader\AttachmentUpload\ResizerSolution\obj\Debug\Metadata to bin\Debug\ResizerSolution.zip

2020-10-29 11:29:23.306 - Info	Processing Component: Entities
2020-10-29 11:29:23.309 - Info	Processing Component: Roles
2020-10-29 11:29:23.315 - Info	Processing Component: Workflows
2020-10-29 11:29:23.316 - Info	Processing Component: FieldSecurityProfiles
2020-10-29 11:29:23.316 - Info	Processing Component: Templates
2020-10-29 11:29:23.317 - Info	Processing Component: EntityMaps
2020-10-29 11:29:23.318 - Info	Processing Component: EntityRelationships
2020-10-29 11:29:23.325 - Info	Processing Component: OrganizationSettings
2020-10-29 11:29:23.326 - Info	Processing Component: optionsets
2020-10-29 11:29:23.327 - Info	Processing Component: CustomControls
2020-10-29 11:29:23.345 - Info	 - vij.AttachmentUpload
2020-10-29 11:29:23.980 - Info	Processing Component: SolutionPluginAssemblies
2020-10-29 11:29:23.981 - Info	Processing Component: EntityDataProviders
2020-10-29 11:29:24.239 - Info	
Unmanaged Pack complete.

2020-10-29 13:54:20.547 - Info	
Packing G:\works\PCFS\ImageResizer\AttachmentUploader\AttachmentUpload\ResizerSolution\obj\Debug\Metadata to bin\Debug\ResizerSolution.zip

2020-10-29 13:54:20.559 - Info	Processing Component: Entities
2020-10-29 13:54:20.563 - Info	Processing Component: Roles
2020-10-29 13:54:20.566 - Info	Processing Component: Workflows
2020-10-29 13:54:20.566 - Info	Processing Component: FieldSecurityProfiles
2020-10-29 13:54:20.566 - Info	Processing Component: Templates
2020-10-29 13:54:20.567 - Info	Processing Component: EntityMaps
2020-10-29 13:54:20.567 - Info	Processing Component: EntityRelationships
2020-10-29 13:54:20.573 - Info	Processing Component: OrganizationSettings
2020-10-29 13:54:20.573 - Info	Processing Component: optionsets
2020-10-29 13:54:20.573 - Info	Processing Component: CustomControls
2020-10-29 13:54:20.590 - Info	 - vij.AttachmentUpload
2020-10-29 13:54:20.683 - Info	Processing Component: SolutionPluginAssemblies
2020-10-29 13:54:20.684 - Info	Processing Component: EntityDataProviders
2020-10-29 13:54:20.843 - Info	
Unmanaged Pack complete.

2020-10-29 22:51:30.267 - Info	
Packing G:\works\PCFS\ImageResizer\AttachmentUploader\AttachmentUpload\ResizerSolution\obj\Debug\Metadata to bin\Debug\ResizerSolution.zip

2020-10-29 22:51:30.317 - Info	Processing Component: Entities
2020-10-29 22:51:30.321 - Info	Processing Component: Roles
2020-10-29 22:51:30.324 - Info	Processing Component: Workflows
2020-10-29 22:51:30.324 - Info	Processing Component: FieldSecurityProfiles
2020-10-29 22:51:30.325 - Info	Processing Component: Templates
2020-10-29 22:51:30.326 - Info	Processing Component: EntityMaps
2020-10-29 22:51:30.326 - Info	Processing Component: EntityRelationships
2020-10-29 22:51:30.340 - Info	Processing Component: OrganizationSettings
2020-10-29 22:51:30.341 - Info	Processing Component: optionsets
2020-10-29 22:51:30.341 - Info	Processing Component: CustomControls
2020-10-29 22:51:30.365 - Info	 - nj.AttachmentUpload
2020-10-29 22:51:31.290 - Info	Processing Component: SolutionPluginAssemblies
2020-10-29 22:51:31.291 - Info	Processing Component: EntityDataProviders
2020-10-29 22:51:31.550 - Info	
Unmanaged Pack complete.

2020-10-30 11:17:51.757 - Info	
Packing G:\works\PCFS\ImageResizer\AttachmentUploader\AttachmentUpload\ResizerSolution\obj\Debug\Metadata to bin\Debug\ResizerSolution.zip

2020-10-30 11:17:52.089 - Info	Processing Component: Entities
2020-10-30 11:17:52.093 - Info	Processing Component: Roles
2020-10-30 11:17:52.096 - Info	Processing Component: Workflows
2020-10-30 11:17:52.096 - Info	Processing Component: FieldSecurityProfiles
2020-10-30 11:17:52.097 - Info	Processing Component: Templates
2020-10-30 11:17:52.098 - Info	Processing Component: EntityMaps
2020-10-30 11:17:52.098 - Info	Processing Component: EntityRelationships
2020-10-30 11:17:52.196 - Info	Processing Component: OrganizationSettings
2020-10-30 11:17:52.196 - Info	Processing Component: optionsets
2020-10-30 11:17:52.197 - Info	Processing Component: CustomControls
2020-10-30 11:17:52.223 - Info	 - nj.AttachmentUpload
2020-10-30 11:17:54.449 - Info	Processing Component: SolutionPluginAssemblies
2020-10-30 11:17:54.450 - Info	Processing Component: EntityDataProviders
2020-10-30 11:17:54.657 - Info	
Unmanaged Pack complete.

2020-10-30 12:09:30.465 - Info	
Packing G:\works\PCFS\ImageResizer\AttachmentUploader\AttachmentUpload\ResizerSolution\obj\Debug\Metadata to bin\Debug\ResizerSolution.zip

2020-10-30 12:09:31.078 - Info	Processing Component: Entities
2020-10-30 12:09:31.083 - Info	Processing Component: Roles
2020-10-30 12:09:31.086 - Info	Processing Component: Workflows
2020-10-30 12:09:31.086 - Info	Processing Component: FieldSecurityProfiles
2020-10-30 12:09:31.087 - Info	Processing Component: Templates
2020-10-30 12:09:31.088 - Info	Processing Component: EntityMaps
2020-10-30 12:09:31.088 - Info	Processing Component: EntityRelationships
2020-10-30 12:09:31.381 - Info	Processing Component: OrganizationSettings
2020-10-30 12:09:31.385 - Info	Processing Component: optionsets
2020-10-30 12:09:31.385 - Info	Processing Component: CustomControls
2020-10-30 12:09:31.988 - Info	 - nj.AttachmentUpload
2020-10-30 12:09:33.885 - Info	Processing Component: SolutionPluginAssemblies
2020-10-30 12:09:33.887 - Info	Processing Component: EntityDataProviders
2020-10-30 12:09:34.137 - Info	
Unmanaged Pack complete.

2020-10-30 12:21:27.752 - Info	
Packing G:\works\PCFS\ImageResizer\AttachmentUploader\AttachmentUpload\ResizerSolution\obj\Debug\Metadata to bin\Debug\ResizerSolution.zip

2020-10-30 12:21:27.795 - Info	Processing Component: Entities
2020-10-30 12:21:27.800 - Info	Processing Component: Roles
2020-10-30 12:21:27.805 - Info	Processing Component: Workflows
2020-10-30 12:21:27.806 - Info	Processing Component: FieldSecurityProfiles
2020-10-30 12:21:27.806 - Info	Processing Component: Templates
2020-10-30 12:21:27.807 - Info	Processing Component: EntityMaps
2020-10-30 12:21:27.808 - Info	Processing Component: EntityRelationships
2020-10-30 12:21:27.814 - Info	Processing Component: OrganizationSettings
2020-10-30 12:21:27.814 - Info	Processing Component: optionsets
2020-10-30 12:21:27.815 - Info	Processing Component: CustomControls
2020-10-30 12:21:27.831 - Info	 - nj.AttachmentUpload
2020-10-30 12:21:28.812 - Info	Processing Component: SolutionPluginAssemblies
2020-10-30 12:21:28.813 - Info	Processing Component: EntityDataProviders
2020-10-30 12:21:28.967 - Info	
Unmanaged Pack complete.

2020-10-30 13:15:50.308 - Info	
Packing G:\works\PCFS\ImageResizer\AttachmentUploader\AttachmentUpload\ResizerSolution\obj\Debug\Metadata to bin\Debug\ResizerSolution.zip

2020-10-30 13:15:50.321 - Info	Processing Component: Entities
2020-10-30 13:15:50.324 - Info	Processing Component: Roles
2020-10-30 13:15:50.327 - Info	Processing Component: Workflows
2020-10-30 13:15:50.327 - Info	Processing Component: FieldSecurityProfiles
2020-10-30 13:15:50.328 - Info	Processing Component: Templates
2020-10-30 13:15:50.328 - Info	Processing Component: EntityMaps
2020-10-30 13:15:50.329 - Info	Processing Component: EntityRelationships
2020-10-30 13:15:50.336 - Info	Processing Component: OrganizationSettings
2020-10-30 13:15:50.337 - Info	Processing Component: optionsets
2020-10-30 13:15:50.337 - Info	Processing Component: CustomControls
2020-10-30 13:15:50.365 - Info	 - nj.AttachmentUpload
2020-10-30 13:15:50.652 - Info	Processing Component: SolutionPluginAssemblies
2020-10-30 13:15:50.653 - Info	Processing Component: EntityDataProviders
2020-10-30 13:15:50.798 - Info	
Unmanaged Pack complete.

